<?xml version="1.0" encoding="UTF-8"?>
<!-- Generated by org.testng.reporters.JUnitReportReporter -->
<testsuite skipped="1" hostname="Syeds-Computer.local" name="com.revature.testing.TestNg" tests="2" failures="0" timestamp="24 Jul 2019 16:11:16 GMT" time="0.009" errors="0">
  <testcase name="testService" time="0.009" classname="com.revature.testing.TestNg"/>
  <testcase name="test" classname="com.revature.testing.TestNg">
    <skipped/>
  </testcase> <!-- test -->
</testsuite> <!-- com.revature.testing.TestNg -->
